<?xml version="1.0" encoding="UTF-8"?>
<testsuite xmlns:xsi="http://www.w3.org/2001/XMLSchema-instance" xsi:noNamespaceSchemaLocation="https://maven.apache.org/surefire/maven-surefire-plugin/xsd/surefire-test-report.xsd" name="org.gha.junit5app.ejemplos.models.CuentaTest" time="6.258" tests="72" errors="0" skipped="10" failures="12">
  <properties>
[...]
</properties>
  <testcase name="testDineroInsuficienteExceptionCuenta" classname="org.gha.junit5app.ejemplos.models.CuentaTest" time="0.016"/>
  <testcase name="testSaldoCuentaDev" classname="org.gha.junit5app.ejemplos.models.CuentaTest" time="0">
    <skipped message="Assumption failed: assumption is not true" type="org.opentest4j.TestAbortedException">org.opentest4j.TestAbortedException: Assumption failed: assumption is not true
	at org.gha.junit5app.ejemplos.models.CuentaTest.testSaldoCuentaDev(CuentaTest.java:280)
</skipped>
    <system-out><![CDATA[iniciando el metodo.
finalizando el metodo de prueba.
]]></system-out>
  </testcase>
  <testcase name="testSaldoCuentaDev2" classname="org.gha.junit5app.ejemplos.models.CuentaTest" time="0.004"/>
  <testcase name="testRelacionBancoCuentas" classname="org.gha.junit5app.ejemplos.models.CuentaTest" time="0.005"/>
  <testcase name="testDebitoCuentaMethodSource{String}[1]" classname="org.gha.junit5app.ejemplos.models.CuentaTest" time="0.018"/>
  <testcase name="testDebitoCuentaMethodSource{String}[2]" classname="org.gha.junit5app.ejemplos.models.CuentaTest" time="0.007"/>
  <testcase name="testDebitoCuentaMethodSource{String}[3]" classname="org.gha.junit5app.ejemplos.models.CuentaTest" time="0.005"/>
  <testcase name="testDebitoCuentaMethodSource{String}[4]" classname="org.gha.junit5app.ejemplos.models.CuentaTest" time="0.007"/>
  <testcase name="testDebitoCuentaMethodSource{String}[5]" classname="org.gha.junit5app.ejemplos.models.CuentaTest" time="0.006"/>
  <testcase name="testDebitoCuentaMethodSource{String}[6]" classname="org.gha.junit5app.ejemplos.models.CuentaTest" time="0.004">
    <failure message="expected: &lt;true&gt; but was: &lt;false&gt;" type="org.opentest4j.AssertionFailedError"><![CDATA[org.opentest4j.AssertionFailedError: expected: <true> but was: <false>
	at org.gha.junit5app.ejemplos.models.CuentaTest.testDebitoCuentaMethodSource(CuentaTest.java:377)
]]></failure>
    <system-out><![CDATA[iniciando el metodo.
finalizando el metodo de prueba.
]]></system-out>
  </testcase>
  <testcase name="testDebitoCuentaRepetir{RepetitionInfo}[1]" classname="org.gha.junit5app.ejemplos.models.CuentaTest" time="0.005"/>
  <testcase name="testDebitoCuentaRepetir{RepetitionInfo}[2]" classname="org.gha.junit5app.ejemplos.models.CuentaTest" time="0.005"/>
  <testcase name="testDebitoCuentaRepetir{RepetitionInfo}[3]" classname="org.gha.junit5app.ejemplos.models.CuentaTest" time="0.008"/>
  <testcase name="testDebitoCuentaRepetir{RepetitionInfo}[4]" classname="org.gha.junit5app.ejemplos.models.CuentaTest" time="0.004"/>
  <testcase name="testDebitoCuentaRepetir{RepetitionInfo}[5]" classname="org.gha.junit5app.ejemplos.models.CuentaTest" time="0.005"/>
  <testcase name="pruebaTimeout2" classname="org.gha.junit5app.ejemplos.models.CuentaTest$EjemploTimeoutTest" time="0.877"/>
  <testcase name="testTimeoutAssertions" classname="org.gha.junit5app.ejemplos.models.CuentaTest$EjemploTimeoutTest" time="4.016"/>
  <testcase name="pruebaTimeout" classname="org.gha.junit5app.ejemplos.models.CuentaTest$EjemploTimeoutTest" time="0.108"/>
  <testcase name="testDebitoCuentaCsvSource2{String, String, String, String}[1]" classname="org.gha.junit5app.ejemplos.models.CuentaTest$PruebasParametrizadasTest" time="0.01">
    <failure message="expected: &lt;John&gt; but was: &lt;Andres&gt;" type="org.opentest4j.AssertionFailedError"><![CDATA[org.opentest4j.AssertionFailedError: expected: <John> but was: <Andres>
	at org.gha.junit5app.ejemplos.models.CuentaTest$PruebasParametrizadasTest.testDebitoCuentaCsvSource2(CuentaTest.java:343)
]]></failure>
    <system-out><![CDATA[iniciando el metodo.
200 -> 100
finalizando el metodo de prueba.
]]></system-out>
  </testcase>
  <testcase name="testDebitoCuentaCsvSource2{String, String, String, String}[2]" classname="org.gha.junit5app.ejemplos.models.CuentaTest$PruebasParametrizadasTest" time="0.008"/>
  <testcase name="testDebitoCuentaCsvSource2{String, String, String, String}[3]" classname="org.gha.junit5app.ejemplos.models.CuentaTest$PruebasParametrizadasTest" time="0.008">
    <failure message="expected: &lt;maria&gt; but was: &lt;Maria&gt;" type="org.opentest4j.AssertionFailedError"><![CDATA[org.opentest4j.AssertionFailedError: expected: <maria> but was: <Maria>
	at org.gha.junit5app.ejemplos.models.CuentaTest$PruebasParametrizadasTest.testDebitoCuentaCsvSource2(CuentaTest.java:343)
]]></failure>
    <system-out><![CDATA[iniciando el metodo.
300 -> 300
finalizando el metodo de prueba.
]]></system-out>
  </testcase>
  <testcase name="testDebitoCuentaCsvSource2{String, String, String, String}[4]" classname="org.gha.junit5app.ejemplos.models.CuentaTest$PruebasParametrizadasTest" time="0.007"/>
  <testcase name="testDebitoCuentaCsvSource2{String, String, String, String}[5]" classname="org.gha.junit5app.ejemplos.models.CuentaTest$PruebasParametrizadasTest" time="0.005">
    <failure message="expected: &lt;Lucas&gt; but was: &lt;Luca&gt;" type="org.opentest4j.AssertionFailedError"><![CDATA[org.opentest4j.AssertionFailedError: expected: <Lucas> but was: <Luca>
	at org.gha.junit5app.ejemplos.models.CuentaTest$PruebasParametrizadasTest.testDebitoCuentaCsvSource2(CuentaTest.java:343)
]]></failure>
    <system-out><![CDATA[iniciando el metodo.
750 -> 700
finalizando el metodo de prueba.
]]></system-out>
  </testcase>
  <testcase name="testDebitoCuentaCsvSource2{String, String, String, String}[6]" classname="org.gha.junit5app.ejemplos.models.CuentaTest$PruebasParametrizadasTest" time="0.012">
    <failure message="expected: &lt;true&gt; but was: &lt;false&gt;" type="org.opentest4j.AssertionFailedError"><![CDATA[org.opentest4j.AssertionFailedError: expected: <true> but was: <false>
	at org.gha.junit5app.ejemplos.models.CuentaTest$PruebasParametrizadasTest.testDebitoCuentaCsvSource2(CuentaTest.java:344)
]]></failure>
    <system-out><![CDATA[iniciando el metodo.
1000.12345 -> 1000.12345
finalizando el metodo de prueba.
]]></system-out>
  </testcase>
  <testcase name="testDebitoCuentaCsvSource{String, String}[1]" classname="org.gha.junit5app.ejemplos.models.CuentaTest$PruebasParametrizadasTest" time="0.006"/>
  <testcase name="testDebitoCuentaCsvSource{String, String}[2]" classname="org.gha.junit5app.ejemplos.models.CuentaTest$PruebasParametrizadasTest" time="0.007"/>
  <testcase name="testDebitoCuentaCsvSource{String, String}[3]" classname="org.gha.junit5app.ejemplos.models.CuentaTest$PruebasParametrizadasTest" time="0.006"/>
  <testcase name="testDebitoCuentaCsvSource{String, String}[4]" classname="org.gha.junit5app.ejemplos.models.CuentaTest$PruebasParametrizadasTest" time="0.011"/>
  <testcase name="testDebitoCuentaCsvSource{String, String}[5]" classname="org.gha.junit5app.ejemplos.models.CuentaTest$PruebasParametrizadasTest" time="0.008"/>
  <testcase name="testDebitoCuentaCsvSource{String, String}[6]" classname="org.gha.junit5app.ejemplos.models.CuentaTest$PruebasParametrizadasTest" time="0.01">
    <failure message="expected: &lt;true&gt; but was: &lt;false&gt;" type="org.opentest4j.AssertionFailedError"><![CDATA[org.opentest4j.AssertionFailedError: expected: <true> but was: <false>
	at org.gha.junit5app.ejemplos.models.CuentaTest$PruebasParametrizadasTest.testDebitoCuentaCsvSource(CuentaTest.java:329)
]]></failure>
    <system-out><![CDATA[iniciando el metodo.
6 -> 1000.12345
finalizando el metodo de prueba.
]]></system-out>
  </testcase>
  <testcase name="testDebitoCuentaCsvFileSource{String}[1]" classname="org.gha.junit5app.ejemplos.models.CuentaTest$PruebasParametrizadasTest" time="0.005"/>
  <testcase name="testDebitoCuentaCsvFileSource{String}[2]" classname="org.gha.junit5app.ejemplos.models.CuentaTest$PruebasParametrizadasTest" time="0.004"/>
  <testcase name="testDebitoCuentaCsvFileSource{String}[3]" classname="org.gha.junit5app.ejemplos.models.CuentaTest$PruebasParametrizadasTest" time="0.006"/>
  <testcase name="testDebitoCuentaCsvFileSource{String}[4]" classname="org.gha.junit5app.ejemplos.models.CuentaTest$PruebasParametrizadasTest" time="0.003"/>
  <testcase name="testDebitoCuentaCsvFileSource{String}[5]" classname="org.gha.junit5app.ejemplos.models.CuentaTest$PruebasParametrizadasTest" time="0.006"/>
  <testcase name="testDebitoCuentaCsvFileSource{String}[6]" classname="org.gha.junit5app.ejemplos.models.CuentaTest$PruebasParametrizadasTest" time="0.005"/>
  <testcase name="testDebitoCuentaCsvFileSource{String}[7]" classname="org.gha.junit5app.ejemplos.models.CuentaTest$PruebasParametrizadasTest" time="0.004">
    <failure message="expected: &lt;true&gt; but was: &lt;false&gt;" type="org.opentest4j.AssertionFailedError"><![CDATA[org.opentest4j.AssertionFailedError: expected: <true> but was: <false>
	at org.gha.junit5app.ejemplos.models.CuentaTest$PruebasParametrizadasTest.testDebitoCuentaCsvFileSource(CuentaTest.java:352)
]]></failure>
    <system-out><![CDATA[iniciando el metodo.
finalizando el metodo de prueba.
]]></system-out>
  </testcase>
  <testcase name="testDebitoCuentaCsvFileSource2{String, String, String, String}[1]" classname="org.gha.junit5app.ejemplos.models.CuentaTest$PruebasParametrizadasTest" time="0.004">
    <failure message="expected: &lt;John&gt; but was: &lt;Andres&gt;" type="org.opentest4j.AssertionFailedError"><![CDATA[org.opentest4j.AssertionFailedError: expected: <John> but was: <Andres>
	at org.gha.junit5app.ejemplos.models.CuentaTest$PruebasParametrizadasTest.testDebitoCuentaCsvFileSource2(CuentaTest.java:364)
]]></failure>
    <system-out><![CDATA[iniciando el metodo.
finalizando el metodo de prueba.
]]></system-out>
  </testcase>
  <testcase name="testDebitoCuentaCsvFileSource2{String, String, String, String}[2]" classname="org.gha.junit5app.ejemplos.models.CuentaTest$PruebasParametrizadasTest" time="0.005"/>
  <testcase name="testDebitoCuentaCsvFileSource2{String, String, String, String}[3]" classname="org.gha.junit5app.ejemplos.models.CuentaTest$PruebasParametrizadasTest" time="0.005">
    <failure message="expected: &lt;maria&gt; but was: &lt;Maria&gt;" type="org.opentest4j.AssertionFailedError"><![CDATA[org.opentest4j.AssertionFailedError: expected: <maria> but was: <Maria>
	at org.gha.junit5app.ejemplos.models.CuentaTest$PruebasParametrizadasTest.testDebitoCuentaCsvFileSource2(CuentaTest.java:364)
]]></failure>
    <system-out><![CDATA[iniciando el metodo.
finalizando el metodo de prueba.
]]></system-out>
  </testcase>
  <testcase name="testDebitoCuentaCsvFileSource2{String, String, String, String}[4]" classname="org.gha.junit5app.ejemplos.models.CuentaTest$PruebasParametrizadasTest" time="0.004"/>
  <testcase name="testDebitoCuentaCsvFileSource2{String, String, String, String}[5]" classname="org.gha.junit5app.ejemplos.models.CuentaTest$PruebasParametrizadasTest" time="0.005">
    <failure message="expected: &lt;Lucas&gt; but was: &lt;Luca&gt;" type="org.opentest4j.AssertionFailedError"><![CDATA[org.opentest4j.AssertionFailedError: expected: <Lucas> but was: <Luca>
	at org.gha.junit5app.ejemplos.models.CuentaTest$PruebasParametrizadasTest.testDebitoCuentaCsvFileSource2(CuentaTest.java:364)
]]></failure>
    <system-out><![CDATA[iniciando el metodo.
finalizando el metodo de prueba.
]]></system-out>
  </testcase>
  <testcase name="testDebitoCuentaCsvFileSource2{String, String, String, String}[6]" classname="org.gha.junit5app.ejemplos.models.CuentaTest$PruebasParametrizadasTest" time="0.004">
    <failure message="expected: &lt;true&gt; but was: &lt;false&gt;" type="org.opentest4j.AssertionFailedError"><![CDATA[org.opentest4j.AssertionFailedError: expected: <true> but was: <false>
	at org.gha.junit5app.ejemplos.models.CuentaTest$PruebasParametrizadasTest.testDebitoCuentaCsvFileSource2(CuentaTest.java:366)
]]></failure>
    <system-out><![CDATA[iniciando el metodo.
finalizando el metodo de prueba.
]]></system-out>
  </testcase>
  <testcase name="testDebitoCuentaValueSource{String}[1]" classname="org.gha.junit5app.ejemplos.models.CuentaTest$PruebasParametrizadasTest" time="0.006"/>
  <testcase name="testDebitoCuentaValueSource{String}[2]" classname="org.gha.junit5app.ejemplos.models.CuentaTest$PruebasParametrizadasTest" time="0.006"/>
  <testcase name="testDebitoCuentaValueSource{String}[3]" classname="org.gha.junit5app.ejemplos.models.CuentaTest$PruebasParametrizadasTest" time="0.004"/>
  <testcase name="testDebitoCuentaValueSource{String}[4]" classname="org.gha.junit5app.ejemplos.models.CuentaTest$PruebasParametrizadasTest" time="0.004"/>
  <testcase name="testDebitoCuentaValueSource{String}[5]" classname="org.gha.junit5app.ejemplos.models.CuentaTest$PruebasParametrizadasTest" time="0.006"/>
  <testcase name="testDebitoCuentaValueSource{String}[6]" classname="org.gha.junit5app.ejemplos.models.CuentaTest$PruebasParametrizadasTest" time="0.005">
    <failure message="expected: &lt;true&gt; but was: &lt;false&gt;" type="org.opentest4j.AssertionFailedError"><![CDATA[org.opentest4j.AssertionFailedError: expected: <true> but was: <false>
	at org.gha.junit5app.ejemplos.models.CuentaTest$PruebasParametrizadasTest.testDebitoCuentaValueSource(CuentaTest.java:320)
]]></failure>
    <system-out><![CDATA[iniciando el metodo.
finalizando el metodo de prueba.
]]></system-out>
  </testcase>
  <testcase name="testProcesadores" classname="org.gha.junit5app.ejemplos.models.CuentaTest$VariableAmbienteTest" time="0.004"/>
  <testcase name="testEnv" classname="org.gha.junit5app.ejemplos.models.CuentaTest$VariableAmbienteTest" time="0">
    <skipped message="Environment variable [ENVIRONMENT] does not exist"/>
  </testcase>
  <testcase name="testEnvProdDisabled" classname="org.gha.junit5app.ejemplos.models.CuentaTest$VariableAmbienteTest" time="0.004"/>
  <testcase name="testJavaHome" classname="org.gha.junit5app.ejemplos.models.CuentaTest$VariableAmbienteTest" time="0">
    <skipped message="Environment variable [JAVA_HOME] with value [D:\Program Files\Java\jdk1.8.0_211] does not match regular expression [.*jdk-15.0.1.*]"/>
  </testcase>
  <testcase name="imprimirVariablesAmbiente" classname="org.gha.junit5app.ejemplos.models.CuentaTest$VariableAmbienteTest" time="0.395"/>
  <testcase name="testDev" classname="org.gha.junit5app.ejemplos.models.CuentaTest$SistemPropertiesTest" time="0">
    <skipped message="System property [ENV] does not exist"/>
  </testcase>
  <testcase name="testNO64" classname="org.gha.junit5app.ejemplos.models.CuentaTest$SistemPropertiesTest" time="0">
    <skipped message="System property [os.arch] with value [amd64] does not match regular expression [.*32.*]"/>
  </testcase>
  <testcase name="testUsername" classname="org.gha.junit5app.ejemplos.models.CuentaTest$SistemPropertiesTest" time="0">
    <skipped message="System property [user.name] with value [PYT07] does not match regular expression [aguzm]"/>
  </testcase>
  <testcase name="testJavaVersion" classname="org.gha.junit5app.ejemplos.models.CuentaTest$SistemPropertiesTest" time="0">
    <skipped message="System property [java.version] with value [1.8.0_211] does not match regular expression [.*15.*]"/>
  </testcase>
  <testcase name="imprimirSystemProperties" classname="org.gha.junit5app.ejemplos.models.CuentaTest$SistemPropertiesTest" time="0.475"/>
  <testcase name="testSolo64" classname="org.gha.junit5app.ejemplos.models.CuentaTest$SistemPropertiesTest" time="0.005"/>
  <testcase name="soloJDK15" classname="org.gha.junit5app.ejemplos.models.CuentaTest$JavaVersionTest" time="0">
    <skipped message="Disabled on JRE version: 1.8.0_211"/>
  </testcase>
  <testcase name="soloJdk8" classname="org.gha.junit5app.ejemplos.models.CuentaTest$JavaVersionTest" time="0.003"/>
  <testcase name="testNoJDK15" classname="org.gha.junit5app.ejemplos.models.CuentaTest$JavaVersionTest" time="0.003"/>
  <testcase name="testNoWindows" classname="org.gha.junit5app.ejemplos.models.CuentaTest$SistemaOperativoTest" time="0">
    <skipped message="Disabled on operating system: Windows 10"/>
  </testcase>
  <testcase name="testSoloLinuxMac" classname="org.gha.junit5app.ejemplos.models.CuentaTest$SistemaOperativoTest" time="0">
    <skipped message="Disabled on operating system: Windows 10"/>
  </testcase>
  <testcase name="testSoloWindows" classname="org.gha.junit5app.ejemplos.models.CuentaTest$SistemaOperativoTest" time="0.004"/>
  <testcase name="testCreditoCuenta" classname="org.gha.junit5app.ejemplos.models.CuentaTest$CuentaOperacionesTest" time="0.004"/>
  <testcase name="testDebitoCuenta" classname="org.gha.junit5app.ejemplos.models.CuentaTest$CuentaOperacionesTest" time="0.005"/>
  <testcase name="testTransferirDineroCuentas" classname="org.gha.junit5app.ejemplos.models.CuentaTest$CuentaOperacionesTest" time="0.003"/>
  <testcase name="testSaldoCuenta" classname="org.gha.junit5app.ejemplos.models.CuentaTest$CuentaTestNombreSaldo" time="0.005"/>
  <testcase name="testReferenciaCuenta" classname="org.gha.junit5app.ejemplos.models.CuentaTest$CuentaTestNombreSaldo" time="0.004"/>
  <testcase name="testNombreCuenta" classname="org.gha.junit5app.ejemplos.models.CuentaTest$CuentaTestNombreSaldo" time="0.004"/>
</testsuite>