<?xml version="1.0" encoding="UTF-8"?>
<testsuite xmlns:xsi="http://www.w3.org/2001/XMLSchema-instance" xsi:noNamespaceSchemaLocation="https://maven.apache.org/surefire/maven-surefire-plugin/xsd/surefire-test-report.xsd" name="org.gha.junit5app.ejemplos.models.CuentaTest" time="6.258" tests="72" errors="0" skipped="10" failures="12">
  <properties>
    <property name="sun.desktop" value="windows"/>
    <property name="awt.toolkit" value="sun.awt.windows.WToolkit"/>
    <property name="file.encoding.pkg" value="sun.io"/>
    <property name="java.specification.version" value="1.8"/>
    <property name="sun.cpu.isalist" value="amd64"/>
    <property name="sun.jnu.encoding" value="Cp1252"/>
    <property name="java.class.path" value="D:\Users\Usuario\Documents\workspace-spring-tool-suite-4-4.14.0.RELEASE\junitTest\junit5_app\target\test-classes;D:\Users\Usuario\Documents\workspace-spring-tool-suite-4-4.14.0.RELEASE\junitTest\junit5_app\target\classes;C:\Users\Usuario\.m2\repository\org\junit\jupiter\junit-jupiter\5.6.3\junit-jupiter-5.6.3.jar;C:\Users\Usuario\.m2\repository\org\junit\jupiter\junit-jupiter-api\5.6.3\junit-jupiter-api-5.6.3.jar;C:\Users\Usuario\.m2\repository\org\apiguardian\apiguardian-api\1.1.0\apiguardian-api-1.1.0.jar;C:\Users\Usuario\.m2\repository\org\opentest4j\opentest4j\1.2.0\opentest4j-1.2.0.jar;C:\Users\Usuario\.m2\repository\org\junit\platform\junit-platform-commons\1.6.3\junit-platform-commons-1.6.3.jar;C:\Users\Usuario\.m2\repository\org\junit\jupiter\junit-jupiter-params\5.6.3\junit-jupiter-params-5.6.3.jar;C:\Users\Usuario\.m2\repository\org\junit\jupiter\junit-jupiter-engine\5.6.3\junit-jupiter-engine-5.6.3.jar;C:\Users\Usuario\.m2\repository\org\junit\platform\junit-platform-engine\1.6.3\junit-platform-engine-1.6.3.jar;"/>
    <property name="java.vm.vendor" value="Oracle Corporation"/>
    <property name="sun.arch.data.model" value="64"/>
    <property name="user.variant" value=""/>
    <property name="java.vendor.url" value="http://java.oracle.com/"/>
    <property name="user.timezone" value="America/Bogota"/>
    <property name="java.vm.specification.version" value="1.8"/>
    <property name="os.name" value="Windows 10"/>
    <property name="user.country" value="CO"/>
    <property name="sun.java.launcher" value="SUN_STANDARD"/>
    <property name="sun.boot.library.path" value="D:\Program Files\Java\jdk1.8.0_211\jre\bin"/>
    <property name="sun.java.command" value="C:\Users\Usuario\AppData\Local\Temp\surefire8213988960720736335\surefirebooter5342389293007222033.jar C:\Users\Usuario\AppData\Local\Temp\surefire8213988960720736335 2023-06-22T08-40-22_889-jvmRun1 surefire8560918669525112662tmp surefire_07159088784161904142tmp"/>
    <property name="surefire.test.class.path" value="D:\Users\Usuario\Documents\workspace-spring-tool-suite-4-4.14.0.RELEASE\junitTest\junit5_app\target\test-classes;D:\Users\Usuario\Documents\workspace-spring-tool-suite-4-4.14.0.RELEASE\junitTest\junit5_app\target\classes;C:\Users\Usuario\.m2\repository\org\junit\jupiter\junit-jupiter\5.6.3\junit-jupiter-5.6.3.jar;C:\Users\Usuario\.m2\repository\org\junit\jupiter\junit-jupiter-api\5.6.3\junit-jupiter-api-5.6.3.jar;C:\Users\Usuario\.m2\repository\org\apiguardian\apiguardian-api\1.1.0\apiguardian-api-1.1.0.jar;C:\Users\Usuario\.m2\repository\org\opentest4j\opentest4j\1.2.0\opentest4j-1.2.0.jar;C:\Users\Usuario\.m2\repository\org\junit\platform\junit-platform-commons\1.6.3\junit-platform-commons-1.6.3.jar;C:\Users\Usuario\.m2\repository\org\junit\jupiter\junit-jupiter-params\5.6.3\junit-jupiter-params-5.6.3.jar;C:\Users\Usuario\.m2\repository\org\junit\jupiter\junit-jupiter-engine\5.6.3\junit-jupiter-engine-5.6.3.jar;C:\Users\Usuario\.m2\repository\org\junit\platform\junit-platform-engine\1.6.3\junit-platform-engine-1.6.3.jar;"/>
    <property name="sun.cpu.endian" value="little"/>
    <property name="user.home" value="C:\Users\Usuario"/>
    <property name="user.language" value="es"/>
    <property name="java.specification.vendor" value="Oracle Corporation"/>
    <property name="java.home" value="D:\Program Files\Java\jdk1.8.0_211\jre"/>
    <property name="basedir" value="D:\Users\Usuario\Documents\workspace-spring-tool-suite-4-4.14.0.RELEASE\junitTest\junit5_app"/>
    <property name="file.separator" value="\"/>
    <property name="line.separator" value="&#10;"/>
    <property name="java.vm.specification.vendor" value="Oracle Corporation"/>
    <property name="java.specification.name" value="Java Platform API Specification"/>
    <property name="java.awt.graphicsenv" value="sun.awt.Win32GraphicsEnvironment"/>
    <property name="surefire.real.class.path" value="C:\Users\Usuario\AppData\Local\Temp\surefire8213988960720736335\surefirebooter5342389293007222033.jar"/>
    <property name="sun.boot.class.path" value="D:\Program Files\Java\jdk1.8.0_211\jre\lib\resources.jar;D:\Program Files\Java\jdk1.8.0_211\jre\lib\rt.jar;D:\Program Files\Java\jdk1.8.0_211\jre\lib\sunrsasign.jar;D:\Program Files\Java\jdk1.8.0_211\jre\lib\jsse.jar;D:\Program Files\Java\jdk1.8.0_211\jre\lib\jce.jar;D:\Program Files\Java\jdk1.8.0_211\jre\lib\charsets.jar;D:\Program Files\Java\jdk1.8.0_211\jre\lib\jfr.jar;D:\Program Files\Java\jdk1.8.0_211\jre\classes"/>
    <property name="user.script" value=""/>
    <property name="sun.management.compiler" value="HotSpot 64-Bit Tiered Compilers"/>
    <property name="java.runtime.version" value="1.8.0_211-b12"/>
    <property name="user.name" value="PYT07"/>
    <property name="path.separator" value=";"/>
    <property name="os.version" value="10.0"/>
    <property name="java.endorsed.dirs" value="D:\Program Files\Java\jdk1.8.0_211\jre\lib\endorsed"/>
    <property name="java.runtime.name" value="Java(TM) SE Runtime Environment"/>
    <property name="file.encoding" value="Cp1252"/>
    <property name="java.vm.name" value="Java HotSpot(TM) 64-Bit Server VM"/>
    <property name="localRepository" value="C:\Users\Usuario\.m2\repository"/>
    <property name="java.vendor.url.bug" value="http://bugreport.sun.com/bugreport/"/>
    <property name="java.io.tmpdir" value="C:\Users\Usuario\AppData\Local\Temp\"/>
    <property name="java.version" value="1.8.0_211"/>
    <property name="user.dir" value="D:\Users\Usuario\Documents\workspace-spring-tool-suite-4-4.14.0.RELEASE\junitTest\junit5_app"/>
    <property name="os.arch" value="amd64"/>
    <property name="java.vm.specification.name" value="Java Virtual Machine Specification"/>
    <property name="java.awt.printerjob" value="sun.awt.windows.WPrinterJob"/>
    <property name="sun.os.patch.level" value=""/>
    <property name="java.library.path" value="D:\Program Files\Java\jdk1.8.0_211\jre\bin;C:\WINDOWS\Sun\Java\bin;C:\WINDOWS\system32;C:\WINDOWS;D:\Program Files\ConEmu;D:\Program Files\ConEmu\ConEmu;C:\Program Files (x86)\Common Files\Oracle\Java\javapath;C:\WINDOWS\system32;C:\WINDOWS;C:\WINDOWS\System32\Wbem;C:\WINDOWS\System32\WindowsPowerShell\v1.0\;C:\WINDOWS\System32\OpenSSH\;d:\Users\Usuario\AppData\Roaming\nvm;d:\Program Files\nodejs;D:\Program Files\PuTTY\;D:\Program Files\Java\jdk1.8.0_211\bin;D:\PYT\Programs\apache-maven-3.5.4\bin;C:\gradle-5.6.3\bin;D:\Program Files\Amazon\AWSCLIV2\;C:\Android\Sdk;C:\Android\Sdk\ndk-bundle;d:\Program Files\Git\cmd;C:\flutter\bin;C:\Program Files\BackupClient\CommandLineTool\;C:\Program Files (x86)\Common Files\Acronis\FileProtector\;C:\Program Files (x86)\Common Files\Acronis\FileProtector64\;C:\Program Files\BackupClient\PyShell\bin\;C:\Program Files (x86)\Common Files\Acronis\SnapAPI\;C:\Program Files\TortoiseSVN\bin;C:\ProgramData\chocolatey\bin;D:\Program Files\Kubernetes\Minikube;;C:\Program Files\TortoiseGit\bin;C:\Program Files\Docker\Docker\resources\bin;C:\Users\Usuario\AppData\Local\Microsoft\WindowsApps;d:\Users\Usuario\AppData\Roaming\nvm;d:\Program Files\nodejs;d:\Users\Usuario\AppData\Local\Programs\Microsoft VS Code\bin;C:\Android\Sdk;C:\Users\Usuario\AppData\Local\gitkraken\bin;C:\Users\Usuario\AppData\Local\Microsoft\WindowsApps;C:\Users\Usuario\AppData\Local\GitHubDesktop\bin;."/>
    <property name="java.vm.info" value="mixed mode"/>
    <property name="java.vendor" value="Oracle Corporation"/>
    <property name="java.vm.version" value="25.211-b12"/>
    <property name="java.ext.dirs" value="D:\Program Files\Java\jdk1.8.0_211\jre\lib\ext;C:\WINDOWS\Sun\Java\lib\ext"/>
    <property name="sun.io.unicode.encoding" value="UnicodeLittle"/>
    <property name="java.class.version" value="52.0"/>
  </properties>
  <testcase name="testDineroInsuficienteExceptionCuenta" classname="org.gha.junit5app.ejemplos.models.CuentaTest" time="0.016"/>
  <testcase name="testSaldoCuentaDev" classname="org.gha.junit5app.ejemplos.models.CuentaTest" time="0">
    <skipped message="Assumption failed: assumption is not true" type="org.opentest4j.TestAbortedException">org.opentest4j.TestAbortedException: Assumption failed: assumption is not true
	at org.gha.junit5app.ejemplos.models.CuentaTest.testSaldoCuentaDev(CuentaTest.java:280)
</skipped>
    <system-out><![CDATA[iniciando el metodo.
finalizando el metodo de prueba.
]]></system-out>
  </testcase>
  <testcase name="testSaldoCuentaDev2" classname="org.gha.junit5app.ejemplos.models.CuentaTest" time="0.004"/>
  <testcase name="testRelacionBancoCuentas" classname="org.gha.junit5app.ejemplos.models.CuentaTest" time="0.005"/>
  <testcase name="testDebitoCuentaMethodSource{String}[1]" classname="org.gha.junit5app.ejemplos.models.CuentaTest" time="0.018"/>
  <testcase name="testDebitoCuentaMethodSource{String}[2]" classname="org.gha.junit5app.ejemplos.models.CuentaTest" time="0.007"/>
  <testcase name="testDebitoCuentaMethodSource{String}[3]" classname="org.gha.junit5app.ejemplos.models.CuentaTest" time="0.005"/>
  <testcase name="testDebitoCuentaMethodSource{String}[4]" classname="org.gha.junit5app.ejemplos.models.CuentaTest" time="0.007"/>
  <testcase name="testDebitoCuentaMethodSource{String}[5]" classname="org.gha.junit5app.ejemplos.models.CuentaTest" time="0.006"/>
  <testcase name="testDebitoCuentaMethodSource{String}[6]" classname="org.gha.junit5app.ejemplos.models.CuentaTest" time="0.004">
    <failure message="expected: &lt;true&gt; but was: &lt;false&gt;" type="org.opentest4j.AssertionFailedError"><![CDATA[org.opentest4j.AssertionFailedError: expected: <true> but was: <false>
	at org.gha.junit5app.ejemplos.models.CuentaTest.testDebitoCuentaMethodSource(CuentaTest.java:377)
]]></failure>
    <system-out><![CDATA[iniciando el metodo.
finalizando el metodo de prueba.
]]></system-out>
  </testcase>
  <testcase name="testDebitoCuentaRepetir{RepetitionInfo}[1]" classname="org.gha.junit5app.ejemplos.models.CuentaTest" time="0.005"/>
  <testcase name="testDebitoCuentaRepetir{RepetitionInfo}[2]" classname="org.gha.junit5app.ejemplos.models.CuentaTest" time="0.005"/>
  <testcase name="testDebitoCuentaRepetir{RepetitionInfo}[3]" classname="org.gha.junit5app.ejemplos.models.CuentaTest" time="0.008"/>
  <testcase name="testDebitoCuentaRepetir{RepetitionInfo}[4]" classname="org.gha.junit5app.ejemplos.models.CuentaTest" time="0.004"/>
  <testcase name="testDebitoCuentaRepetir{RepetitionInfo}[5]" classname="org.gha.junit5app.ejemplos.models.CuentaTest" time="0.005"/>
  <testcase name="pruebaTimeout2" classname="org.gha.junit5app.ejemplos.models.CuentaTest$EjemploTimeoutTest" time="0.877"/>
  <testcase name="testTimeoutAssertions" classname="org.gha.junit5app.ejemplos.models.CuentaTest$EjemploTimeoutTest" time="4.016"/>
  <testcase name="pruebaTimeout" classname="org.gha.junit5app.ejemplos.models.CuentaTest$EjemploTimeoutTest" time="0.108"/>
  <testcase name="testDebitoCuentaCsvSource2{String, String, String, String}[1]" classname="org.gha.junit5app.ejemplos.models.CuentaTest$PruebasParametrizadasTest" time="0.01">
    <failure message="expected: &lt;John&gt; but was: &lt;Andres&gt;" type="org.opentest4j.AssertionFailedError"><![CDATA[org.opentest4j.AssertionFailedError: expected: <John> but was: <Andres>
	at org.gha.junit5app.ejemplos.models.CuentaTest$PruebasParametrizadasTest.testDebitoCuentaCsvSource2(CuentaTest.java:343)
]]></failure>
    <system-out><![CDATA[iniciando el metodo.
200 -> 100
finalizando el metodo de prueba.
]]></system-out>
  </testcase>
  <testcase name="testDebitoCuentaCsvSource2{String, String, String, String}[2]" classname="org.gha.junit5app.ejemplos.models.CuentaTest$PruebasParametrizadasTest" time="0.008"/>
  <testcase name="testDebitoCuentaCsvSource2{String, String, String, String}[3]" classname="org.gha.junit5app.ejemplos.models.CuentaTest$PruebasParametrizadasTest" time="0.008">
    <failure message="expected: &lt;maria&gt; but was: &lt;Maria&gt;" type="org.opentest4j.AssertionFailedError"><![CDATA[org.opentest4j.AssertionFailedError: expected: <maria> but was: <Maria>
	at org.gha.junit5app.ejemplos.models.CuentaTest$PruebasParametrizadasTest.testDebitoCuentaCsvSource2(CuentaTest.java:343)
]]></failure>
    <system-out><![CDATA[iniciando el metodo.
300 -> 300
finalizando el metodo de prueba.
]]></system-out>
  </testcase>
  <testcase name="testDebitoCuentaCsvSource2{String, String, String, String}[4]" classname="org.gha.junit5app.ejemplos.models.CuentaTest$PruebasParametrizadasTest" time="0.007"/>
  <testcase name="testDebitoCuentaCsvSource2{String, String, String, String}[5]" classname="org.gha.junit5app.ejemplos.models.CuentaTest$PruebasParametrizadasTest" time="0.005">
    <failure message="expected: &lt;Lucas&gt; but was: &lt;Luca&gt;" type="org.opentest4j.AssertionFailedError"><![CDATA[org.opentest4j.AssertionFailedError: expected: <Lucas> but was: <Luca>
	at org.gha.junit5app.ejemplos.models.CuentaTest$PruebasParametrizadasTest.testDebitoCuentaCsvSource2(CuentaTest.java:343)
]]></failure>
    <system-out><![CDATA[iniciando el metodo.
750 -> 700
finalizando el metodo de prueba.
]]></system-out>
  </testcase>
  <testcase name="testDebitoCuentaCsvSource2{String, String, String, String}[6]" classname="org.gha.junit5app.ejemplos.models.CuentaTest$PruebasParametrizadasTest" time="0.012">
    <failure message="expected: &lt;true&gt; but was: &lt;false&gt;" type="org.opentest4j.AssertionFailedError"><![CDATA[org.opentest4j.AssertionFailedError: expected: <true> but was: <false>
	at org.gha.junit5app.ejemplos.models.CuentaTest$PruebasParametrizadasTest.testDebitoCuentaCsvSource2(CuentaTest.java:344)
]]></failure>
    <system-out><![CDATA[iniciando el metodo.
1000.12345 -> 1000.12345
finalizando el metodo de prueba.
]]></system-out>
  </testcase>
  <testcase name="testDebitoCuentaCsvSource{String, String}[1]" classname="org.gha.junit5app.ejemplos.models.CuentaTest$PruebasParametrizadasTest" time="0.006"/>
  <testcase name="testDebitoCuentaCsvSource{String, String}[2]" classname="org.gha.junit5app.ejemplos.models.CuentaTest$PruebasParametrizadasTest" time="0.007"/>
  <testcase name="testDebitoCuentaCsvSource{String, String}[3]" classname="org.gha.junit5app.ejemplos.models.CuentaTest$PruebasParametrizadasTest" time="0.006"/>
  <testcase name="testDebitoCuentaCsvSource{String, String}[4]" classname="org.gha.junit5app.ejemplos.models.CuentaTest$PruebasParametrizadasTest" time="0.011"/>
  <testcase name="testDebitoCuentaCsvSource{String, String}[5]" classname="org.gha.junit5app.ejemplos.models.CuentaTest$PruebasParametrizadasTest" time="0.008"/>
  <testcase name="testDebitoCuentaCsvSource{String, String}[6]" classname="org.gha.junit5app.ejemplos.models.CuentaTest$PruebasParametrizadasTest" time="0.01">
    <failure message="expected: &lt;true&gt; but was: &lt;false&gt;" type="org.opentest4j.AssertionFailedError"><![CDATA[org.opentest4j.AssertionFailedError: expected: <true> but was: <false>
	at org.gha.junit5app.ejemplos.models.CuentaTest$PruebasParametrizadasTest.testDebitoCuentaCsvSource(CuentaTest.java:329)
]]></failure>
    <system-out><![CDATA[iniciando el metodo.
6 -> 1000.12345
finalizando el metodo de prueba.
]]></system-out>
  </testcase>
  <testcase name="testDebitoCuentaCsvFileSource{String}[1]" classname="org.gha.junit5app.ejemplos.models.CuentaTest$PruebasParametrizadasTest" time="0.005"/>
  <testcase name="testDebitoCuentaCsvFileSource{String}[2]" classname="org.gha.junit5app.ejemplos.models.CuentaTest$PruebasParametrizadasTest" time="0.004"/>
  <testcase name="testDebitoCuentaCsvFileSource{String}[3]" classname="org.gha.junit5app.ejemplos.models.CuentaTest$PruebasParametrizadasTest" time="0.006"/>
  <testcase name="testDebitoCuentaCsvFileSource{String}[4]" classname="org.gha.junit5app.ejemplos.models.CuentaTest$PruebasParametrizadasTest" time="0.003"/>
  <testcase name="testDebitoCuentaCsvFileSource{String}[5]" classname="org.gha.junit5app.ejemplos.models.CuentaTest$PruebasParametrizadasTest" time="0.006"/>
  <testcase name="testDebitoCuentaCsvFileSource{String}[6]" classname="org.gha.junit5app.ejemplos.models.CuentaTest$PruebasParametrizadasTest" time="0.005"/>
  <testcase name="testDebitoCuentaCsvFileSource{String}[7]" classname="org.gha.junit5app.ejemplos.models.CuentaTest$PruebasParametrizadasTest" time="0.004">
    <failure message="expected: &lt;true&gt; but was: &lt;false&gt;" type="org.opentest4j.AssertionFailedError"><![CDATA[org.opentest4j.AssertionFailedError: expected: <true> but was: <false>
	at org.gha.junit5app.ejemplos.models.CuentaTest$PruebasParametrizadasTest.testDebitoCuentaCsvFileSource(CuentaTest.java:352)
]]></failure>
    <system-out><![CDATA[iniciando el metodo.
finalizando el metodo de prueba.
]]></system-out>
  </testcase>
  <testcase name="testDebitoCuentaCsvFileSource2{String, String, String, String}[1]" classname="org.gha.junit5app.ejemplos.models.CuentaTest$PruebasParametrizadasTest" time="0.004">
    <failure message="expected: &lt;John&gt; but was: &lt;Andres&gt;" type="org.opentest4j.AssertionFailedError"><![CDATA[org.opentest4j.AssertionFailedError: expected: <John> but was: <Andres>
	at org.gha.junit5app.ejemplos.models.CuentaTest$PruebasParametrizadasTest.testDebitoCuentaCsvFileSource2(CuentaTest.java:364)
]]></failure>
    <system-out><![CDATA[iniciando el metodo.
finalizando el metodo de prueba.
]]></system-out>
  </testcase>
  <testcase name="testDebitoCuentaCsvFileSource2{String, String, String, String}[2]" classname="org.gha.junit5app.ejemplos.models.CuentaTest$PruebasParametrizadasTest" time="0.005"/>
  <testcase name="testDebitoCuentaCsvFileSource2{String, String, String, String}[3]" classname="org.gha.junit5app.ejemplos.models.CuentaTest$PruebasParametrizadasTest" time="0.005">
    <failure message="expected: &lt;maria&gt; but was: &lt;Maria&gt;" type="org.opentest4j.AssertionFailedError"><![CDATA[org.opentest4j.AssertionFailedError: expected: <maria> but was: <Maria>
	at org.gha.junit5app.ejemplos.models.CuentaTest$PruebasParametrizadasTest.testDebitoCuentaCsvFileSource2(CuentaTest.java:364)
]]></failure>
    <system-out><![CDATA[iniciando el metodo.
finalizando el metodo de prueba.
]]></system-out>
  </testcase>
  <testcase name="testDebitoCuentaCsvFileSource2{String, String, String, String}[4]" classname="org.gha.junit5app.ejemplos.models.CuentaTest$PruebasParametrizadasTest" time="0.004"/>
  <testcase name="testDebitoCuentaCsvFileSource2{String, String, String, String}[5]" classname="org.gha.junit5app.ejemplos.models.CuentaTest$PruebasParametrizadasTest" time="0.005">
    <failure message="expected: &lt;Lucas&gt; but was: &lt;Luca&gt;" type="org.opentest4j.AssertionFailedError"><![CDATA[org.opentest4j.AssertionFailedError: expected: <Lucas> but was: <Luca>
	at org.gha.junit5app.ejemplos.models.CuentaTest$PruebasParametrizadasTest.testDebitoCuentaCsvFileSource2(CuentaTest.java:364)
]]></failure>
    <system-out><![CDATA[iniciando el metodo.
finalizando el metodo de prueba.
]]></system-out>
  </testcase>
  <testcase name="testDebitoCuentaCsvFileSource2{String, String, String, String}[6]" classname="org.gha.junit5app.ejemplos.models.CuentaTest$PruebasParametrizadasTest" time="0.004">
    <failure message="expected: &lt;true&gt; but was: &lt;false&gt;" type="org.opentest4j.AssertionFailedError"><![CDATA[org.opentest4j.AssertionFailedError: expected: <true> but was: <false>
	at org.gha.junit5app.ejemplos.models.CuentaTest$PruebasParametrizadasTest.testDebitoCuentaCsvFileSource2(CuentaTest.java:366)
]]></failure>
    <system-out><![CDATA[iniciando el metodo.
finalizando el metodo de prueba.
]]></system-out>
  </testcase>
  <testcase name="testDebitoCuentaValueSource{String}[1]" classname="org.gha.junit5app.ejemplos.models.CuentaTest$PruebasParametrizadasTest" time="0.006"/>
  <testcase name="testDebitoCuentaValueSource{String}[2]" classname="org.gha.junit5app.ejemplos.models.CuentaTest$PruebasParametrizadasTest" time="0.006"/>
  <testcase name="testDebitoCuentaValueSource{String}[3]" classname="org.gha.junit5app.ejemplos.models.CuentaTest$PruebasParametrizadasTest" time="0.004"/>
  <testcase name="testDebitoCuentaValueSource{String}[4]" classname="org.gha.junit5app.ejemplos.models.CuentaTest$PruebasParametrizadasTest" time="0.004"/>
  <testcase name="testDebitoCuentaValueSource{String}[5]" classname="org.gha.junit5app.ejemplos.models.CuentaTest$PruebasParametrizadasTest" time="0.006"/>
  <testcase name="testDebitoCuentaValueSource{String}[6]" classname="org.gha.junit5app.ejemplos.models.CuentaTest$PruebasParametrizadasTest" time="0.005">
    <failure message="expected: &lt;true&gt; but was: &lt;false&gt;" type="org.opentest4j.AssertionFailedError"><![CDATA[org.opentest4j.AssertionFailedError: expected: <true> but was: <false>
	at org.gha.junit5app.ejemplos.models.CuentaTest$PruebasParametrizadasTest.testDebitoCuentaValueSource(CuentaTest.java:320)
]]></failure>
    <system-out><![CDATA[iniciando el metodo.
finalizando el metodo de prueba.
]]></system-out>
  </testcase>
  <testcase name="testProcesadores" classname="org.gha.junit5app.ejemplos.models.CuentaTest$VariableAmbienteTest" time="0.004"/>
  <testcase name="testEnv" classname="org.gha.junit5app.ejemplos.models.CuentaTest$VariableAmbienteTest" time="0">
    <skipped message="Environment variable [ENVIRONMENT] does not exist"/>
  </testcase>
  <testcase name="testEnvProdDisabled" classname="org.gha.junit5app.ejemplos.models.CuentaTest$VariableAmbienteTest" time="0.004"/>
  <testcase name="testJavaHome" classname="org.gha.junit5app.ejemplos.models.CuentaTest$VariableAmbienteTest" time="0">
    <skipped message="Environment variable [JAVA_HOME] with value [D:\Program Files\Java\jdk1.8.0_211] does not match regular expression [.*jdk-15.0.1.*]"/>
  </testcase>
  <testcase name="imprimirVariablesAmbiente" classname="org.gha.junit5app.ejemplos.models.CuentaTest$VariableAmbienteTest" time="0.395"/>
  <testcase name="testDev" classname="org.gha.junit5app.ejemplos.models.CuentaTest$SistemPropertiesTest" time="0">
    <skipped message="System property [ENV] does not exist"/>
  </testcase>
  <testcase name="testNO64" classname="org.gha.junit5app.ejemplos.models.CuentaTest$SistemPropertiesTest" time="0">
    <skipped message="System property [os.arch] with value [amd64] does not match regular expression [.*32.*]"/>
  </testcase>
  <testcase name="testUsername" classname="org.gha.junit5app.ejemplos.models.CuentaTest$SistemPropertiesTest" time="0">
    <skipped message="System property [user.name] with value [PYT07] does not match regular expression [aguzm]"/>
  </testcase>
  <testcase name="testJavaVersion" classname="org.gha.junit5app.ejemplos.models.CuentaTest$SistemPropertiesTest" time="0">
    <skipped message="System property [java.version] with value [1.8.0_211] does not match regular expression [.*15.*]"/>
  </testcase>
  <testcase name="imprimirSystemProperties" classname="org.gha.junit5app.ejemplos.models.CuentaTest$SistemPropertiesTest" time="0.475"/>
  <testcase name="testSolo64" classname="org.gha.junit5app.ejemplos.models.CuentaTest$SistemPropertiesTest" time="0.005"/>
  <testcase name="soloJDK15" classname="org.gha.junit5app.ejemplos.models.CuentaTest$JavaVersionTest" time="0">
    <skipped message="Disabled on JRE version: 1.8.0_211"/>
  </testcase>
  <testcase name="soloJdk8" classname="org.gha.junit5app.ejemplos.models.CuentaTest$JavaVersionTest" time="0.003"/>
  <testcase name="testNoJDK15" classname="org.gha.junit5app.ejemplos.models.CuentaTest$JavaVersionTest" time="0.003"/>
  <testcase name="testNoWindows" classname="org.gha.junit5app.ejemplos.models.CuentaTest$SistemaOperativoTest" time="0">
    <skipped message="Disabled on operating system: Windows 10"/>
  </testcase>
  <testcase name="testSoloLinuxMac" classname="org.gha.junit5app.ejemplos.models.CuentaTest$SistemaOperativoTest" time="0">
    <skipped message="Disabled on operating system: Windows 10"/>
  </testcase>
  <testcase name="testSoloWindows" classname="org.gha.junit5app.ejemplos.models.CuentaTest$SistemaOperativoTest" time="0.004"/>
  <testcase name="testCreditoCuenta" classname="org.gha.junit5app.ejemplos.models.CuentaTest$CuentaOperacionesTest" time="0.004"/>
  <testcase name="testDebitoCuenta" classname="org.gha.junit5app.ejemplos.models.CuentaTest$CuentaOperacionesTest" time="0.005"/>
  <testcase name="testTransferirDineroCuentas" classname="org.gha.junit5app.ejemplos.models.CuentaTest$CuentaOperacionesTest" time="0.003"/>
  <testcase name="testSaldoCuenta" classname="org.gha.junit5app.ejemplos.models.CuentaTest$CuentaTestNombreSaldo" time="0.005"/>
  <testcase name="testReferenciaCuenta" classname="org.gha.junit5app.ejemplos.models.CuentaTest$CuentaTestNombreSaldo" time="0.004"/>
  <testcase name="testNombreCuenta" classname="org.gha.junit5app.ejemplos.models.CuentaTest$CuentaTestNombreSaldo" time="0.004"/>
</testsuite>